<?xml version="1.0" encoding="UTF-8"?>
<!-- Generated by org.testng.reporters.JUnitReportReporter -->
<testsuite hostname="DESKTOP-41G56EL" failures="0" tests="2" name="com.expandtestig.tests.WebInputsTest" time="37.225" errors="0" timestamp="2025-02-06T10:25:33 IST" skipped="0">
  <testcase classname="com.expandtestig.tests.WebInputsTest" name="verifyDisplyInputs" time="17.047"/>
  <testcase classname="com.expandtestig.tests.WebInputsTest" name="verifyWebInputPageIsPresent" time="20.178"/>
</testsuite> <!-- com.expandtestig.tests.WebInputsTest -->
