<?xml version="1.0" encoding="UTF-8"?>
<!-- Generated by org.testng.reporters.JUnitReportReporter -->
<testsuite hostname="DESKTOP-41G56EL" failures="0" tests="1" name="com.expandtestig.tests.WebInputsTest" time="16.636" errors="0" timestamp="2025-02-05T11:11:17 IST" skipped="0">
  <testcase classname="com.expandtestig.tests.WebInputsTest" name="verifyDisplyInputs" time="16.636"/>
</testsuite> <!-- com.expandtestig.tests.WebInputsTest -->
