<?xml version="1.0" encoding="UTF-8"?>
<!-- Generated by org.testng.reporters.JUnitReportReporter -->
<testsuite hostname="DESKTOP-41G56EL" failures="0" tests="2" name="com.expandtestig.tests.WebInputsTest" time="37.675" errors="0" timestamp="2025-02-06T10:44:42 IST" skipped="0">
  <testcase classname="com.expandtestig.tests.WebInputsTest" name="verifyDisplyInputs" time="17.553"/>
  <testcase classname="com.expandtestig.tests.WebInputsTest" name="verifyWebInputPageIsPresent" time="20.122"/>
</testsuite> <!-- com.expandtestig.tests.WebInputsTest -->
